[PREINITIALIZATION][CLIENT][INFO] Current loaders after merging: [[preinit]]
[PREINITIALIZATION][CLIENT][INFO] Loading scripts for loader with names [preinit]
[PREINITIALIZATION][CLIENT][INFO] [preinit | SIDE_CLIENT]: Skipping file {[0:contenttweaker]: Contenttweaker\new.zs} as we are currently loading with a different loader
[PREINITIALIZATION][CLIENT][INFO] [preinit | SIDE_CLIENT]: Skipping file {[0:crafttweaker]: Crafttweaker\beginning.zs} as we are currently loading with a different loader
[PREINITIALIZATION][CLIENT][INFO] [preinit | SIDE_CLIENT]: Skipping file {[0:crafttweaker]: Crafttweaker\botaniapetalapothecary.zs} as we are currently loading with a different loader
[PREINITIALIZATION][CLIENT][INFO] [preinit | SIDE_CLIENT]: Skipping file {[0:crafttweaker]: Crafttweaker\botaniapuredaisy.zs} as we are currently loading with a different loader
[PREINITIALIZATION][CLIENT][INFO] [preinit | SIDE_CLIENT]: Skipping file {[0:crafttweaker]: Crafttweaker\botaniarunealtar.zs} as we are currently loading with a different loader
[PREINITIALIZATION][CLIENT][INFO] [preinit | SIDE_CLIENT]: Skipping file {[0:crafttweaker]: Crafttweaker\extendedcrafting\extended.zs} as we are currently loading with a different loader
[PREINITIALIZATION][CLIENT][INFO] [preinit | SIDE_CLIENT]: Skipping file {[0:crafttweaker]: Crafttweaker\extendedcrafting\roost.zs} as we are currently loading with a different loader
[PREINITIALIZATION][CLIENT][INFO] [preinit | SIDE_CLIENT]: Skipping file {[0:crafttweaker]: Crafttweaker\inworldcrafting.zs} as we are currently loading with a different loader
[PREINITIALIZATION][CLIENT][INFO] [preinit | SIDE_CLIENT]: Skipping file {[0:crafttweaker]: Crafttweaker\jei\rename.zs} as we are currently loading with a different loader
[PREINITIALIZATION][CLIENT][INFO] [preinit | SIDE_CLIENT]: Skipping file {[0:crafttweaker]: Crafttweaker\Remove\botaniaapetalapothecaryremove.zs} as we are currently loading with a different loader
[PREINITIALIZATION][CLIENT][INFO] [preinit | SIDE_CLIENT]: Skipping file {[0:crafttweaker]: Crafttweaker\Remove\botaniapuredaisyremove.zs} as we are currently loading with a different loader
[PREINITIALIZATION][CLIENT][INFO] [preinit | SIDE_CLIENT]: Skipping file {[0:crafttweaker]: Crafttweaker\Remove\craftingtableremove.zs} as we are currently loading with a different loader
[PREINITIALIZATION][CLIENT][INFO] [preinit | SIDE_CLIENT]: Skipping file {[0:crafttweaker]: Crafttweaker\Remove\tconstructsmelteryremove.zs} as we are currently loading with a different loader
[PREINITIALIZATION][CLIENT][INFO] [preinit | SIDE_CLIENT]: Skipping file {[0:crafttweaker]: Crafttweaker\Shaped\Astral Sorcery.zs} as we are currently loading with a different loader
[PREINITIALIZATION][CLIENT][INFO] [preinit | SIDE_CLIENT]: Skipping file {[0:crafttweaker]: Crafttweaker\Shaped\botania.zs} as we are currently loading with a different loader
[PREINITIALIZATION][CLIENT][INFO] [preinit | SIDE_CLIENT]: Skipping file {[0:crafttweaker]: Crafttweaker\Shaped\drawer.zs} as we are currently loading with a different loader
[PREINITIALIZATION][CLIENT][INFO] [preinit | SIDE_CLIENT]: Skipping file {[0:crafttweaker]: Crafttweaker\Shaped\extendedcrafting.zs} as we are currently loading with a different loader
[PREINITIALIZATION][CLIENT][INFO] [preinit | SIDE_CLIENT]: Skipping file {[0:crafttweaker]: Crafttweaker\Shaped\tconstruct.zs} as we are currently loading with a different loader
[PREINITIALIZATION][CLIENT][INFO] [preinit | SIDE_CLIENT]: Skipping file {[0:crafttweaker]: Crafttweaker\Shaped\Ultimate Skyblock Resource Generator.zs} as we are currently loading with a different loader
[PREINITIALIZATION][CLIENT][INFO] [preinit | SIDE_CLIENT]: Skipping file {[0:crafttweaker]: Crafttweaker\Shaped\vanilla.zs} as we are currently loading with a different loader
[PREINITIALIZATION][CLIENT][INFO] [preinit | SIDE_CLIENT]: Skipping file {[0:crafttweaker]: Crafttweaker\Shapeless\botania.zs} as we are currently loading with a different loader
[PREINITIALIZATION][CLIENT][INFO] [preinit | SIDE_CLIENT]: Skipping file {[0:crafttweaker]: Crafttweaker\Shapeless\drawer.zs} as we are currently loading with a different loader
[PREINITIALIZATION][CLIENT][INFO] [preinit | SIDE_CLIENT]: Skipping file {[0:crafttweaker]: Crafttweaker\Shapeless\vanilla.zs} as we are currently loading with a different loader
[PREINITIALIZATION][CLIENT][INFO] Completed script loading in: 3ms
[PREINITIALIZATION][CLIENT][INFO] Current loaders after merging: [[preinit], [alchemistry]]
[PREINITIALIZATION][CLIENT][INFO] Loading scripts for loader with names [alchemistry]
[PREINITIALIZATION][CLIENT][INFO] [alchemistry | SIDE_CLIENT]: Skipping file {[0:contenttweaker]: Contenttweaker\new.zs} as we are currently loading with a different loader
[PREINITIALIZATION][CLIENT][INFO] [alchemistry | SIDE_CLIENT]: Skipping file {[0:crafttweaker]: Crafttweaker\beginning.zs} as we are currently loading with a different loader
[PREINITIALIZATION][CLIENT][INFO] [alchemistry | SIDE_CLIENT]: Skipping file {[0:crafttweaker]: Crafttweaker\botaniapetalapothecary.zs} as we are currently loading with a different loader
[PREINITIALIZATION][CLIENT][INFO] [alchemistry | SIDE_CLIENT]: Skipping file {[0:crafttweaker]: Crafttweaker\botaniapuredaisy.zs} as we are currently loading with a different loader
[PREINITIALIZATION][CLIENT][INFO] [alchemistry | SIDE_CLIENT]: Skipping file {[0:crafttweaker]: Crafttweaker\botaniarunealtar.zs} as we are currently loading with a different loader
[PREINITIALIZATION][CLIENT][INFO] [alchemistry | SIDE_CLIENT]: Skipping file {[0:crafttweaker]: Crafttweaker\extendedcrafting\extended.zs} as we are currently loading with a different loader
[PREINITIALIZATION][CLIENT][INFO] [alchemistry | SIDE_CLIENT]: Skipping file {[0:crafttweaker]: Crafttweaker\extendedcrafting\roost.zs} as we are currently loading with a different loader
[PREINITIALIZATION][CLIENT][INFO] [alchemistry | SIDE_CLIENT]: Skipping file {[0:crafttweaker]: Crafttweaker\inworldcrafting.zs} as we are currently loading with a different loader
[PREINITIALIZATION][CLIENT][INFO] [alchemistry | SIDE_CLIENT]: Skipping file {[0:crafttweaker]: Crafttweaker\jei\rename.zs} as we are currently loading with a different loader
[PREINITIALIZATION][CLIENT][INFO] [alchemistry | SIDE_CLIENT]: Skipping file {[0:crafttweaker]: Crafttweaker\Remove\botaniaapetalapothecaryremove.zs} as we are currently loading with a different loader
[PREINITIALIZATION][CLIENT][INFO] [alchemistry | SIDE_CLIENT]: Skipping file {[0:crafttweaker]: Crafttweaker\Remove\botaniapuredaisyremove.zs} as we are currently loading with a different loader
[PREINITIALIZATION][CLIENT][INFO] [alchemistry | SIDE_CLIENT]: Skipping file {[0:crafttweaker]: Crafttweaker\Remove\craftingtableremove.zs} as we are currently loading with a different loader
[PREINITIALIZATION][CLIENT][INFO] [alchemistry | SIDE_CLIENT]: Skipping file {[0:crafttweaker]: Crafttweaker\Remove\tconstructsmelteryremove.zs} as we are currently loading with a different loader
[PREINITIALIZATION][CLIENT][INFO] [alchemistry | SIDE_CLIENT]: Skipping file {[0:crafttweaker]: Crafttweaker\Shaped\Astral Sorcery.zs} as we are currently loading with a different loader
[PREINITIALIZATION][CLIENT][INFO] [alchemistry | SIDE_CLIENT]: Skipping file {[0:crafttweaker]: Crafttweaker\Shaped\botania.zs} as we are currently loading with a different loader
[PREINITIALIZATION][CLIENT][INFO] [alchemistry | SIDE_CLIENT]: Skipping file {[0:crafttweaker]: Crafttweaker\Shaped\drawer.zs} as we are currently loading with a different loader
[PREINITIALIZATION][CLIENT][INFO] [alchemistry | SIDE_CLIENT]: Skipping file {[0:crafttweaker]: Crafttweaker\Shaped\extendedcrafting.zs} as we are currently loading with a different loader
[PREINITIALIZATION][CLIENT][INFO] [alchemistry | SIDE_CLIENT]: Skipping file {[0:crafttweaker]: Crafttweaker\Shaped\tconstruct.zs} as we are currently loading with a different loader
[PREINITIALIZATION][CLIENT][INFO] [alchemistry | SIDE_CLIENT]: Skipping file {[0:crafttweaker]: Crafttweaker\Shaped\Ultimate Skyblock Resource Generator.zs} as we are currently loading with a different loader
[PREINITIALIZATION][CLIENT][INFO] [alchemistry | SIDE_CLIENT]: Skipping file {[0:crafttweaker]: Crafttweaker\Shaped\vanilla.zs} as we are currently loading with a different loader
[PREINITIALIZATION][CLIENT][INFO] [alchemistry | SIDE_CLIENT]: Skipping file {[0:crafttweaker]: Crafttweaker\Shapeless\botania.zs} as we are currently loading with a different loader
[PREINITIALIZATION][CLIENT][INFO] [alchemistry | SIDE_CLIENT]: Skipping file {[0:crafttweaker]: Crafttweaker\Shapeless\drawer.zs} as we are currently loading with a different loader
[PREINITIALIZATION][CLIENT][INFO] [alchemistry | SIDE_CLIENT]: Skipping file {[0:crafttweaker]: Crafttweaker\Shapeless\vanilla.zs} as we are currently loading with a different loader
[PREINITIALIZATION][CLIENT][INFO] Completed script loading in: 0ms
[PREINITIALIZATION][CLIENT][INFO] Current loaders after merging: [[preinit], [alchemistry], [contenttweaker]]
[PREINITIALIZATION][CLIENT][INFO] Loading scripts for loader with names [contenttweaker]
[PREINITIALIZATION][CLIENT][INFO] [contenttweaker | SIDE_CLIENT]: Loading Script: {[0:contenttweaker]: Contenttweaker\new.zs}
[PREINITIALIZATION][CLIENT][INFO] [contenttweaker | SIDE_CLIENT]: Skipping file {[0:crafttweaker]: Crafttweaker\beginning.zs} as we are currently loading with a different loader
[PREINITIALIZATION][CLIENT][INFO] [contenttweaker | SIDE_CLIENT]: Skipping file {[0:crafttweaker]: Crafttweaker\botaniapetalapothecary.zs} as we are currently loading with a different loader
[PREINITIALIZATION][CLIENT][INFO] [contenttweaker | SIDE_CLIENT]: Skipping file {[0:crafttweaker]: Crafttweaker\botaniapuredaisy.zs} as we are currently loading with a different loader
[PREINITIALIZATION][CLIENT][INFO] [contenttweaker | SIDE_CLIENT]: Skipping file {[0:crafttweaker]: Crafttweaker\botaniarunealtar.zs} as we are currently loading with a different loader
[PREINITIALIZATION][CLIENT][INFO] [contenttweaker | SIDE_CLIENT]: Skipping file {[0:crafttweaker]: Crafttweaker\extendedcrafting\extended.zs} as we are currently loading with a different loader
[PREINITIALIZATION][CLIENT][INFO] [contenttweaker | SIDE_CLIENT]: Skipping file {[0:crafttweaker]: Crafttweaker\extendedcrafting\roost.zs} as we are currently loading with a different loader
[PREINITIALIZATION][CLIENT][INFO] [contenttweaker | SIDE_CLIENT]: Skipping file {[0:crafttweaker]: Crafttweaker\inworldcrafting.zs} as we are currently loading with a different loader
[PREINITIALIZATION][CLIENT][INFO] [contenttweaker | SIDE_CLIENT]: Skipping file {[0:crafttweaker]: Crafttweaker\jei\rename.zs} as we are currently loading with a different loader
[PREINITIALIZATION][CLIENT][INFO] [contenttweaker | SIDE_CLIENT]: Skipping file {[0:crafttweaker]: Crafttweaker\Remove\botaniaapetalapothecaryremove.zs} as we are currently loading with a different loader
[PREINITIALIZATION][CLIENT][INFO] [contenttweaker | SIDE_CLIENT]: Skipping file {[0:crafttweaker]: Crafttweaker\Remove\botaniapuredaisyremove.zs} as we are currently loading with a different loader
[PREINITIALIZATION][CLIENT][INFO] [contenttweaker | SIDE_CLIENT]: Skipping file {[0:crafttweaker]: Crafttweaker\Remove\craftingtableremove.zs} as we are currently loading with a different loader
[PREINITIALIZATION][CLIENT][INFO] [contenttweaker | SIDE_CLIENT]: Skipping file {[0:crafttweaker]: Crafttweaker\Remove\tconstructsmelteryremove.zs} as we are currently loading with a different loader
[PREINITIALIZATION][CLIENT][INFO] [contenttweaker | SIDE_CLIENT]: Skipping file {[0:crafttweaker]: Crafttweaker\Shaped\Astral Sorcery.zs} as we are currently loading with a different loader
[PREINITIALIZATION][CLIENT][INFO] [contenttweaker | SIDE_CLIENT]: Skipping file {[0:crafttweaker]: Crafttweaker\Shaped\botania.zs} as we are currently loading with a different loader
[PREINITIALIZATION][CLIENT][INFO] [contenttweaker | SIDE_CLIENT]: Skipping file {[0:crafttweaker]: Crafttweaker\Shaped\drawer.zs} as we are currently loading with a different loader
[PREINITIALIZATION][CLIENT][INFO] [contenttweaker | SIDE_CLIENT]: Skipping file {[0:crafttweaker]: Crafttweaker\Shaped\extendedcrafting.zs} as we are currently loading with a different loader
[PREINITIALIZATION][CLIENT][INFO] [contenttweaker | SIDE_CLIENT]: Skipping file {[0:crafttweaker]: Crafttweaker\Shaped\tconstruct.zs} as we are currently loading with a different loader
[PREINITIALIZATION][CLIENT][INFO] [contenttweaker | SIDE_CLIENT]: Skipping file {[0:crafttweaker]: Crafttweaker\Shaped\Ultimate Skyblock Resource Generator.zs} as we are currently loading with a different loader
[PREINITIALIZATION][CLIENT][INFO] [contenttweaker | SIDE_CLIENT]: Skipping file {[0:crafttweaker]: Crafttweaker\Shaped\vanilla.zs} as we are currently loading with a different loader
[PREINITIALIZATION][CLIENT][INFO] [contenttweaker | SIDE_CLIENT]: Skipping file {[0:crafttweaker]: Crafttweaker\Shapeless\botania.zs} as we are currently loading with a different loader
[PREINITIALIZATION][CLIENT][INFO] [contenttweaker | SIDE_CLIENT]: Skipping file {[0:crafttweaker]: Crafttweaker\Shapeless\drawer.zs} as we are currently loading with a different loader
[PREINITIALIZATION][CLIENT][INFO] [contenttweaker | SIDE_CLIENT]: Skipping file {[0:crafttweaker]: Crafttweaker\Shapeless\vanilla.zs} as we are currently loading with a different loader
[PREINITIALIZATION][CLIENT][INFO] Completed script loading in: 179ms
[PREINITIALIZATION][CLIENT][INFO] Current loaders after merging: [[preinit], [alchemistry], [contenttweaker], [hwell_core_recipes]]
[PREINITIALIZATION][CLIENT][INFO] Loading scripts for loader with names [hwell_core_recipes]
[PREINITIALIZATION][CLIENT][INFO] [hwell_core_recipes | SIDE_CLIENT]: Skipping file {[0:contenttweaker]: Contenttweaker\new.zs} as we are currently loading with a different loader
[PREINITIALIZATION][CLIENT][INFO] [hwell_core_recipes | SIDE_CLIENT]: Skipping file {[0:crafttweaker]: Crafttweaker\beginning.zs} as we are currently loading with a different loader
[PREINITIALIZATION][CLIENT][INFO] [hwell_core_recipes | SIDE_CLIENT]: Skipping file {[0:crafttweaker]: Crafttweaker\botaniapetalapothecary.zs} as we are currently loading with a different loader
[PREINITIALIZATION][CLIENT][INFO] [hwell_core_recipes | SIDE_CLIENT]: Skipping file {[0:crafttweaker]: Crafttweaker\botaniapuredaisy.zs} as we are currently loading with a different loader
[PREINITIALIZATION][CLIENT][INFO] [hwell_core_recipes | SIDE_CLIENT]: Skipping file {[0:crafttweaker]: Crafttweaker\botaniarunealtar.zs} as we are currently loading with a different loader
[PREINITIALIZATION][CLIENT][INFO] [hwell_core_recipes | SIDE_CLIENT]: Skipping file {[0:crafttweaker]: Crafttweaker\extendedcrafting\extended.zs} as we are currently loading with a different loader
[PREINITIALIZATION][CLIENT][INFO] [hwell_core_recipes | SIDE_CLIENT]: Skipping file {[0:crafttweaker]: Crafttweaker\extendedcrafting\roost.zs} as we are currently loading with a different loader
[PREINITIALIZATION][CLIENT][INFO] [hwell_core_recipes | SIDE_CLIENT]: Skipping file {[0:crafttweaker]: Crafttweaker\inworldcrafting.zs} as we are currently loading with a different loader
[PREINITIALIZATION][CLIENT][INFO] [hwell_core_recipes | SIDE_CLIENT]: Skipping file {[0:crafttweaker]: Crafttweaker\jei\rename.zs} as we are currently loading with a different loader
[PREINITIALIZATION][CLIENT][INFO] [hwell_core_recipes | SIDE_CLIENT]: Skipping file {[0:crafttweaker]: Crafttweaker\Remove\botaniaapetalapothecaryremove.zs} as we are currently loading with a different loader
[PREINITIALIZATION][CLIENT][INFO] [hwell_core_recipes | SIDE_CLIENT]: Skipping file {[0:crafttweaker]: Crafttweaker\Remove\botaniapuredaisyremove.zs} as we are currently loading with a different loader
[PREINITIALIZATION][CLIENT][INFO] [hwell_core_recipes | SIDE_CLIENT]: Skipping file {[0:crafttweaker]: Crafttweaker\Remove\craftingtableremove.zs} as we are currently loading with a different loader
[PREINITIALIZATION][CLIENT][INFO] [hwell_core_recipes | SIDE_CLIENT]: Skipping file {[0:crafttweaker]: Crafttweaker\Remove\tconstructsmelteryremove.zs} as we are currently loading with a different loader
[PREINITIALIZATION][CLIENT][INFO] [hwell_core_recipes | SIDE_CLIENT]: Skipping file {[0:crafttweaker]: Crafttweaker\Shaped\Astral Sorcery.zs} as we are currently loading with a different loader
[PREINITIALIZATION][CLIENT][INFO] [hwell_core_recipes | SIDE_CLIENT]: Skipping file {[0:crafttweaker]: Crafttweaker\Shaped\botania.zs} as we are currently loading with a different loader
[PREINITIALIZATION][CLIENT][INFO] [hwell_core_recipes | SIDE_CLIENT]: Skipping file {[0:crafttweaker]: Crafttweaker\Shaped\drawer.zs} as we are currently loading with a different loader
[PREINITIALIZATION][CLIENT][INFO] [hwell_core_recipes | SIDE_CLIENT]: Skipping file {[0:crafttweaker]: Crafttweaker\Shaped\extendedcrafting.zs} as we are currently loading with a different loader
[PREINITIALIZATION][CLIENT][INFO] [hwell_core_recipes | SIDE_CLIENT]: Skipping file {[0:crafttweaker]: Crafttweaker\Shaped\tconstruct.zs} as we are currently loading with a different loader
[PREINITIALIZATION][CLIENT][INFO] [hwell_core_recipes | SIDE_CLIENT]: Skipping file {[0:crafttweaker]: Crafttweaker\Shaped\Ultimate Skyblock Resource Generator.zs} as we are currently loading with a different loader
[PREINITIALIZATION][CLIENT][INFO] [hwell_core_recipes | SIDE_CLIENT]: Skipping file {[0:crafttweaker]: Crafttweaker\Shaped\vanilla.zs} as we are currently loading with a different loader
[PREINITIALIZATION][CLIENT][INFO] [hwell_core_recipes | SIDE_CLIENT]: Skipping file {[0:crafttweaker]: Crafttweaker\Shapeless\botania.zs} as we are currently loading with a different loader
[PREINITIALIZATION][CLIENT][INFO] [hwell_core_recipes | SIDE_CLIENT]: Skipping file {[0:crafttweaker]: Crafttweaker\Shapeless\drawer.zs} as we are currently loading with a different loader
[PREINITIALIZATION][CLIENT][INFO] [hwell_core_recipes | SIDE_CLIENT]: Skipping file {[0:crafttweaker]: Crafttweaker\Shapeless\vanilla.zs} as we are currently loading with a different loader
[PREINITIALIZATION][CLIENT][INFO] Completed script loading in: 1ms
[INITIALIZATION][CLIENT][INFO] CraftTweaker: Building registry
[INITIALIZATION][CLIENT][INFO] CraftTweaker: Successfully built item registry
[INITIALIZATION][CLIENT][INFO] Current loaders after merging: [[preinit], [alchemistry], [contenttweaker], [hwell_core_recipes], [recipeevent | crafttweaker]]
[INITIALIZATION][CLIENT][INFO] Loading scripts for loader with names [crafttweaker | recipeevent]
[INITIALIZATION][CLIENT][INFO] [crafttweaker | SIDE_CLIENT]: Skipping file {[0:contenttweaker]: Contenttweaker\new.zs} as we are currently loading with a different loader
[INITIALIZATION][CLIENT][INFO] [crafttweaker | SIDE_CLIENT]: Loading Script: {[0:crafttweaker]: Crafttweaker\beginning.zs}
[INITIALIZATION][CLIENT][INFO] This Modpack was created by Der_Finnredstone.
All Contenttweaker items were 
created by Skatescraftblock and Heveal of Sorcery.
I just copied and pasted them.

Have fun with (insert Mopack name)
[INITIALIZATION][CLIENT][INFO] [crafttweaker | SIDE_CLIENT]: Loading Script: {[0:crafttweaker]: Crafttweaker\botaniapetalapothecary.zs}
[INITIALIZATION][CLIENT][INFO] [crafttweaker | SIDE_CLIENT]: Loading Script: {[0:crafttweaker]: Crafttweaker\botaniapuredaisy.zs}
[INITIALIZATION][CLIENT][INFO] [crafttweaker | SIDE_CLIENT]: Loading Script: {[0:crafttweaker]: Crafttweaker\botaniarunealtar.zs}
[INITIALIZATION][CLIENT][INFO] [crafttweaker | SIDE_CLIENT]: Loading Script: {[0:crafttweaker]: Crafttweaker\extendedcrafting\extended.zs}
[INITIALIZATION][CLIENT][INFO] [crafttweaker | SIDE_CLIENT]: Loading Script: {[0:crafttweaker]: Crafttweaker\extendedcrafting\roost.zs}
[INITIALIZATION][CLIENT][INFO] Adding a Table Crafting recipe for Log Chicken
[INITIALIZATION][CLIENT][INFO] Adding a Table Crafting recipe for Chicken
[INITIALIZATION][CLIENT][INFO] [crafttweaker | SIDE_CLIENT]: Loading Script: {[0:crafttweaker]: Crafttweaker\inworldcrafting.zs}
[INITIALIZATION][CLIENT][INFO] [crafttweaker | SIDE_CLIENT]: Loading Script: {[0:crafttweaker]: Crafttweaker\jei\rename.zs}
[INITIALIZATION][CLIENT][INFO] Translating item.ec.material_ultimate_ingot.name to RGB Ingot
[INITIALIZATION][CLIENT][INFO] Translating item.ec.material_ultimate_nugget.name to RGB Nugget
[INITIALIZATION][CLIENT][INFO] Translating tile.ec.storage_ultimate.name to Block of RGB
[INITIALIZATION][CLIENT][INFO] [crafttweaker | SIDE_CLIENT]: Loading Script: {[0:crafttweaker]: Crafttweaker\Remove\botaniaapetalapothecaryremove.zs}
[INITIALIZATION][CLIENT][INFO] [crafttweaker | SIDE_CLIENT]: Loading Script: {[0:crafttweaker]: Crafttweaker\Remove\botaniapuredaisyremove.zs}
[INITIALIZATION][CLIENT][INFO] [crafttweaker | SIDE_CLIENT]: Loading Script: {[0:crafttweaker]: Crafttweaker\Remove\craftingtableremove.zs}
[INITIALIZATION][CLIENT][INFO] [crafttweaker | SIDE_CLIENT]: Loading Script: {[0:crafttweaker]: Crafttweaker\Remove\tconstructsmelteryremove.zs}
[INITIALIZATION][CLIENT][INFO] Altering Casting Recipe(s) for <tconstruct:seared_glass>
[INITIALIZATION][CLIENT][INFO] [crafttweaker | SIDE_CLIENT]: Loading Script: {[0:crafttweaker]: Crafttweaker\Shaped\Astral Sorcery.zs}
[INITIALIZATION][CLIENT][INFO] [crafttweaker | SIDE_CLIENT]: Loading Script: {[0:crafttweaker]: Crafttweaker\Shaped\botania.zs}
[INITIALIZATION][CLIENT][INFO] [crafttweaker | SIDE_CLIENT]: Loading Script: {[0:crafttweaker]: Crafttweaker\Shaped\drawer.zs}
[INITIALIZATION][CLIENT][INFO] [crafttweaker | SIDE_CLIENT]: Loading Script: {[0:crafttweaker]: Crafttweaker\Shaped\extendedcrafting.zs}
[INITIALIZATION][CLIENT][INFO] [crafttweaker | SIDE_CLIENT]: Loading Script: {[0:crafttweaker]: Crafttweaker\Shaped\tconstruct.zs}
[INITIALIZATION][CLIENT][INFO] [crafttweaker | SIDE_CLIENT]: Loading Script: {[0:crafttweaker]: Crafttweaker\Shaped\Ultimate Skyblock Resource Generator.zs}
[INITIALIZATION][CLIENT][INFO] [crafttweaker | SIDE_CLIENT]: Loading Script: {[0:crafttweaker]: Crafttweaker\Shaped\vanilla.zs}
[INITIALIZATION][CLIENT][INFO] [crafttweaker | SIDE_CLIENT]: Loading Script: {[0:crafttweaker]: Crafttweaker\Shapeless\botania.zs}
[INITIALIZATION][CLIENT][INFO] [crafttweaker | SIDE_CLIENT]: Loading Script: {[0:crafttweaker]: Crafttweaker\Shapeless\drawer.zs}
[INITIALIZATION][CLIENT][INFO] [crafttweaker | SIDE_CLIENT]: Loading Script: {[0:crafttweaker]: Crafttweaker\Shapeless\vanilla.zs}
[INITIALIZATION][CLIENT][INFO] Completed script loading in: 156ms
[INITIALIZATION][CLIENT][INFO] Translating item.ec.material_ultimate_ingot.name to RGB Ingot
[INITIALIZATION][CLIENT][INFO] Translating item.ec.material_ultimate_nugget.name to RGB Nugget
[INITIALIZATION][CLIENT][INFO] Translating tile.ec.storage_ultimate.name to Block of RGB
[POSTINITIALIZATION][CLIENT][INFO] Removing recipes for various outputs
[POSTINITIALIZATION][CLIENT][INFO] Removing Shapeless recipes for <minecraft:cobblestone>
[POSTINITIALIZATION][CLIENT][INFO] Removing 1 Shapeless recipes.
[POSTINITIALIZATION][CLIENT][INFO] Adding shaped recipe for Basic Crafting Table with name ct_shaped1449648347
[POSTINITIALIZATION][CLIENT][INFO] Adding shaped recipe for Sooty Marble with name ct_shaped-2026287298
[POSTINITIALIZATION][CLIENT][INFO] Adding shaped recipe for Pestle and Mortar with name ct_shaped1398298706
[POSTINITIALIZATION][CLIENT][INFO] Adding shaped recipe for Living Root with name ct_shaped407400840
[POSTINITIALIZATION][CLIENT][INFO] Adding shaped recipe for Basic Drawer with name ct_shaped1544222281
[POSTINITIALIZATION][CLIENT][INFO] Adding shaped recipe for Basic Drawer with name ct_shaped1778663492
[POSTINITIALIZATION][CLIENT][INFO] Adding shaped recipe for Basic Drawer with name ct_shaped-2116240080
[POSTINITIALIZATION][CLIENT][INFO] Adding shaped recipe for Basic Drawer with name ct_shaped-190989061
[POSTINITIALIZATION][CLIENT][INFO] Adding shaped recipe for Basic Drawer with name ct_shaped-345782414
[POSTINITIALIZATION][CLIENT][INFO] Adding shaped recipe for Basic Drawer with name ct_shaped1333813510
[POSTINITIALIZATION][CLIENT][INFO] Adding shaped recipe for Basic Drawers 1x2 with name ct_shaped653195157
[POSTINITIALIZATION][CLIENT][INFO] Adding shaped recipe for Basic Drawers 1x2 with name ct_shaped-873754841
[POSTINITIALIZATION][CLIENT][INFO] Adding shaped recipe for Basic Drawers 1x2 with name ct_shaped-1833727596
[POSTINITIALIZATION][CLIENT][INFO] Adding shaped recipe for Basic Drawers 1x2 with name ct_shaped1330878930
[POSTINITIALIZATION][CLIENT][INFO] Adding shaped recipe for Basic Drawers 1x2 with name ct_shaped-806249264
[POSTINITIALIZATION][CLIENT][INFO] Adding shaped recipe for Basic Drawers 1x2 with name ct_shaped1063541057
[POSTINITIALIZATION][CLIENT][INFO] Adding shaped recipe for Basic Drawers 2x2 with name ct_shaped-1357447468
[POSTINITIALIZATION][CLIENT][INFO] Adding shaped recipe for Basic Drawers 2x2 with name ct_shaped-2147439310
[POSTINITIALIZATION][CLIENT][INFO] Adding shaped recipe for Basic Drawers 2x2 with name ct_shaped-920661197
[POSTINITIALIZATION][CLIENT][INFO] Adding shaped recipe for Basic Drawers 2x2 with name ct_shaped1809953031
[POSTINITIALIZATION][CLIENT][INFO] Adding shaped recipe for Basic Drawers 2x2 with name ct_shaped1923926881
[POSTINITIALIZATION][CLIENT][INFO] Adding shaped recipe for Basic Drawers 2x2 with name ct_shaped1310631848
[POSTINITIALIZATION][CLIENT][INFO] Adding shaped recipe for Oak Trim with name ct_shaped-1066690361
[POSTINITIALIZATION][CLIENT][INFO] Adding shaped recipe for Spruce Trim with name ct_shaped-1553812226
[POSTINITIALIZATION][CLIENT][INFO] Adding shaped recipe for Birch Trim with name ct_shaped428229503
[POSTINITIALIZATION][CLIENT][INFO] Adding shaped recipe for Jungle Trim with name ct_shaped-1884696064
[POSTINITIALIZATION][CLIENT][INFO] Adding shaped recipe for Acacia Trim with name ct_shaped97345665
[POSTINITIALIZATION][CLIENT][INFO] Adding shaped recipe for Dark Oak Trim with name ct_shaped2079387394
[POSTINITIALIZATION][CLIENT][INFO] Adding shaped recipe for Storage Upgrade (II) with name ct_shaped271063484
[POSTINITIALIZATION][CLIENT][INFO] Adding shaped recipe for Upgrade Template with name ct_shaped247064729
[POSTINITIALIZATION][CLIENT][INFO] Adding shaped recipe for Handheld Crafting Table with name ct_shaped-1352972505
[POSTINITIALIZATION][CLIENT][INFO] Adding shaped recipe for Basic Catalyst with name ct_shaped1516242806
[POSTINITIALIZATION][CLIENT][INFO] Adding shaped recipe for Seared Bricks with name ct_shaped1165331768
[POSTINITIALIZATION][CLIENT][INFO] Adding shaped recipe for Blank Pattern with name ct_shaped948952681
[POSTINITIALIZATION][CLIENT][INFO] Adding shaped recipe for Crafting Station with name ct_shaped-1737672699
[POSTINITIALIZATION][CLIENT][INFO] Adding shaped recipe for Stencil Table with name ct_shaped1730721059
[POSTINITIALIZATION][CLIENT][INFO] Adding shaped recipe for Part Builder with name ct_shaped-2139463806
[POSTINITIALIZATION][CLIENT][INFO] Adding shaped recipe for Tool Station with name ct_shaped-1165010706
[POSTINITIALIZATION][CLIENT][INFO] Adding shaped recipe for Pattern Chest with name ct_shaped187354799
[POSTINITIALIZATION][CLIENT][INFO] Adding shaped recipe for Cobblestone Generator with name ct_shaped-757417627
[POSTINITIALIZATION][CLIENT][INFO] Adding shaped recipe for Furnace Slab with name ct_shaped631503183
[POSTINITIALIZATION][CLIENT][INFO] Adding shaped recipe for Furnace with name ct_shaped-1461751559
[POSTINITIALIZATION][CLIENT][INFO] Adding shaped recipe for Cobblestone with name ct_shaped-1062518060
[POSTINITIALIZATION][CLIENT][INFO] Adding shapeless recipe for Half Drawers 1x2 with name ct_shapeless-255673180
[POSTINITIALIZATION][CLIENT][INFO] Adding shapeless recipe for Half Drawers 1x2 with name ct_shapeless-527592670
[POSTINITIALIZATION][CLIENT][INFO] Adding shapeless recipe for Half Drawers 1x2 with name ct_shapeless11431620
[POSTINITIALIZATION][CLIENT][INFO] Adding shapeless recipe for Half Drawers 1x2 with name ct_shapeless2005613336
[POSTINITIALIZATION][CLIENT][INFO] Adding shapeless recipe for Half Drawers 1x2 with name ct_shapeless-898163882
[POSTINITIALIZATION][CLIENT][INFO] Adding shapeless recipe for Half Drawers 1x2 with name ct_shapeless1031308670
[POSTINITIALIZATION][CLIENT][INFO] Adding shapeless recipe for Half Drawers 2x2 with name ct_shapeless-1465241468
[POSTINITIALIZATION][CLIENT][INFO] Adding shapeless recipe for Half Drawers 2x2 with name ct_shapeless-1966292444
[POSTINITIALIZATION][CLIENT][INFO] Adding shapeless recipe for Half Drawers 2x2 with name ct_shapeless-1764131228
[POSTINITIALIZATION][CLIENT][INFO] Adding shapeless recipe for Half Drawers 2x2 with name ct_shapeless566913562
[POSTINITIALIZATION][CLIENT][INFO] Adding shapeless recipe for Half Drawers 2x2 with name ct_shapeless1958103640
[POSTINITIALIZATION][CLIENT][INFO] Adding shapeless recipe for Half Drawers 2x2 with name ct_shapeless-1857339456
[POSTINITIALIZATION][CLIENT][INFO] Adding shapeless recipe for Framed Half Drawers 2x2 with name ct_shapeless-1206327616
[POSTINITIALIZATION][CLIENT][INFO] Adding shapeless recipe for Framed Half Drawers 1x2 with name ct_shapeless-182557216
[POSTINITIALIZATION][CLIENT][INFO] Adding shapeless recipe for Crafting Table with name ct_shapeless223572894
[POSTINITIALIZATION][CLIENT][INFO] Adding shapeless recipe for Stick with name ct_shapeless-755452111
[POSTINITIALIZATION][CLIENT][INFO] Adding shapeless recipe for Bone Meal with name ct_shapeless1628944827
[POSTINITIALIZATION][CLIENT][INFO] Adding shapeless recipe for Bowl with name ct_shapeless-231647100
[AVAILABLE][CLIENT][INFO] Fixed the RecipeBook
[AVAILABLE][CLIENT][INFO] Attempting to remove apothecary recipe for [<botania:specialflower>.withTag({type: "puredaisy"})]
[AVAILABLE][CLIENT][INFO] Removing 1 Botania Petal Recipe(s) for <botania:specialflower>.withTag({type: "puredaisy"})
[AVAILABLE][CLIENT][INFO] Attempting to remove Pure Daisy recipe for [<botania:livingrock>]
[AVAILABLE][CLIENT][INFO] Removing 1 Botania PureDaisy Recipe(s) for <botania:livingrock>
[AVAILABLE][CLIENT][INFO] Adding 1 Botania Petal Recipe(s) for <botania:specialflower>.withTag({type: "puredaisy"})
[AVAILABLE][CLIENT][INFO] Adding 1 Botania PureDaisy Recipe(s) for <botania:livingrock>
[AVAILABLE][CLIENT][INFO] Adding 1 Botania PureDaisy Recipe(s) for <astralsorcery:blockmarble>
